host: cpu-p-200
Building DAG of jobs...
Using shell: /usr/bin/bash
Provided remote nodes: 1
Provided resources: mem_mb=100000, mem_mib=95368, disk_mb=1000, disk_mib=954
Select jobs to execute...
Execute 1 jobs...

[Wed May 21 10:42:06 2025]
rule CALC_HET_WHOLE_GENOME:
    input: sharks/HypSab/Reference_HypSab_Chroms_Lengths.txt, sharks/HypSab/20250425_NC_082706.1_het.txt, sharks/HypSab/20250425_NC_082707.1_het.txt, sharks/HypSab/20250425_NC_082708.1_het.txt, sharks/HypSab/20250425_NC_082709.1_het.txt, sharks/HypSab/20250425_NC_082710.1_het.txt, sharks/HypSab/20250425_NC_082711.1_het.txt, sharks/HypSab/20250425_NC_082712.1_het.txt, sharks/HypSab/20250425_NC_082713.1_het.txt, sharks/HypSab/20250425_NC_082714.1_het.txt, sharks/HypSab/20250425_NC_082715.1_het.txt, sharks/HypSab/20250425_NC_082716.1_het.txt, sharks/HypSab/20250425_NC_082717.1_het.txt, sharks/HypSab/20250425_NC_082718.1_het.txt, sharks/HypSab/20250425_NC_082719.1_het.txt, sharks/HypSab/20250425_NC_082720.1_het.txt, sharks/HypSab/20250425_NC_082721.1_het.txt, sharks/HypSab/20250425_NC_082722.1_het.txt, sharks/HypSab/20250425_NC_082723.1_het.txt, sharks/HypSab/20250425_NC_082724.1_het.txt, sharks/HypSab/20250425_NC_082725.1_het.txt, sharks/HypSab/20250425_NC_082726.1_het.txt, sharks/HypSab/20250425_NC_082727.1_het.txt, sharks/HypSab/20250425_NC_082728.1_het.txt, sharks/HypSab/20250425_NC_082729.1_het.txt, sharks/HypSab/20250425_NC_082730.1_het.txt, sharks/HypSab/20250425_NC_082731.1_het.txt, sharks/HypSab/20250425_NC_082732.1_het.txt, sharks/HypSab/20250425_NC_082733.1_het.txt, sharks/HypSab/20250425_NC_082734.1_het.txt, sharks/HypSab/20250425_NC_082735.1_het.txt, sharks/HypSab/20250425_NC_082736.1_het.txt, sharks/HypSab/20250425_NC_082737.1_het.txt
    output: sharks/HypSab/20250425_HypSab_per_chr_mean_heterozygosity.txt, sharks/HypSab/20250425_HypSab_whole_genome_mean_heterozygosity.txt
    jobid: 0
    reason: Forced execution
    wildcards: CLADE=sharks, SPEC_NAME=HypSab, TODAY_DATE=20250425
    resources: mem_mb=100000, mem_mib=95368, disk_mb=1000, disk_mib=954, tmpdir=<TBD>, slurm_account=DURBIN-SL2-CPU, slurm_partition=cclake-himem, runtime=120

host: cpu-p-200
Building DAG of jobs...
Using shell: /usr/bin/bash
Provided cores: 1 (use --cores to define parallelism)
Rules claiming more threads will be scaled down.
Provided resources: mem_mb=100000, mem_mib=95368, disk_mb=1000, disk_mib=954
Select jobs to execute...
Execute 1 jobs...

[Wed May 21 10:42:08 2025]
localrule CALC_HET_WHOLE_GENOME:
    input: sharks/HypSab/Reference_HypSab_Chroms_Lengths.txt, sharks/HypSab/20250425_NC_082706.1_het.txt, sharks/HypSab/20250425_NC_082707.1_het.txt, sharks/HypSab/20250425_NC_082708.1_het.txt, sharks/HypSab/20250425_NC_082709.1_het.txt, sharks/HypSab/20250425_NC_082710.1_het.txt, sharks/HypSab/20250425_NC_082711.1_het.txt, sharks/HypSab/20250425_NC_082712.1_het.txt, sharks/HypSab/20250425_NC_082713.1_het.txt, sharks/HypSab/20250425_NC_082714.1_het.txt, sharks/HypSab/20250425_NC_082715.1_het.txt, sharks/HypSab/20250425_NC_082716.1_het.txt, sharks/HypSab/20250425_NC_082717.1_het.txt, sharks/HypSab/20250425_NC_082718.1_het.txt, sharks/HypSab/20250425_NC_082719.1_het.txt, sharks/HypSab/20250425_NC_082720.1_het.txt, sharks/HypSab/20250425_NC_082721.1_het.txt, sharks/HypSab/20250425_NC_082722.1_het.txt, sharks/HypSab/20250425_NC_082723.1_het.txt, sharks/HypSab/20250425_NC_082724.1_het.txt, sharks/HypSab/20250425_NC_082725.1_het.txt, sharks/HypSab/20250425_NC_082726.1_het.txt, sharks/HypSab/20250425_NC_082727.1_het.txt, sharks/HypSab/20250425_NC_082728.1_het.txt, sharks/HypSab/20250425_NC_082729.1_het.txt, sharks/HypSab/20250425_NC_082730.1_het.txt, sharks/HypSab/20250425_NC_082731.1_het.txt, sharks/HypSab/20250425_NC_082732.1_het.txt, sharks/HypSab/20250425_NC_082733.1_het.txt, sharks/HypSab/20250425_NC_082734.1_het.txt, sharks/HypSab/20250425_NC_082735.1_het.txt, sharks/HypSab/20250425_NC_082736.1_het.txt, sharks/HypSab/20250425_NC_082737.1_het.txt
    output: sharks/HypSab/20250425_HypSab_per_chr_mean_heterozygosity.txt, sharks/HypSab/20250425_HypSab_whole_genome_mean_heterozygosity.txt
    jobid: 0
    reason: Forced execution
    wildcards: CLADE=sharks, SPEC_NAME=HypSab, TODAY_DATE=20250425
    resources: mem_mb=100000, mem_mib=95368, disk_mb=1000, disk_mib=954, tmpdir=/tmp, slurm_account=DURBIN-SL2-CPU, slurm_partition=cclake-himem, runtime=120

Traceback (most recent call last):
  File "/rds/project/rds-p67MZilb2eQ/projects/VGP/heterozygosity/20250325_find_het_whole_genome_V3.py", line 118, in <module>
    run_het_calculations = calc_het(chr_file, clade, species, date, num_aut_chr)
                           ^^^^^^^^^^^^^^^^^^^^^^^^^^^^^^^^^^^^^^^^^^^^^^^^^^^^^
  File "/rds/project/rds-p67MZilb2eQ/projects/VGP/heterozygosity/20250325_find_het_whole_genome_V3.py", line 76, in calc_het
    chrom_file = pd.read_csv(file_path, sep=',', header=0)
                 ^^^^^^^^^^^^^^^^^^^^^^^^^^^^^^^^^^^^^^^^^
  File "/home/ag2427/.conda/envs/snakemake/lib/python3.11/site-packages/pandas/io/parsers/readers.py", line 1026, in read_csv
    return _read(filepath_or_buffer, kwds)
           ^^^^^^^^^^^^^^^^^^^^^^^^^^^^^^^
  File "/home/ag2427/.conda/envs/snakemake/lib/python3.11/site-packages/pandas/io/parsers/readers.py", line 620, in _read
    parser = TextFileReader(filepath_or_buffer, **kwds)
             ^^^^^^^^^^^^^^^^^^^^^^^^^^^^^^^^^^^^^^^^^^
  File "/home/ag2427/.conda/envs/snakemake/lib/python3.11/site-packages/pandas/io/parsers/readers.py", line 1620, in __init__
    self._engine = self._make_engine(f, self.engine)
                   ^^^^^^^^^^^^^^^^^^^^^^^^^^^^^^^^^
  File "/home/ag2427/.conda/envs/snakemake/lib/python3.11/site-packages/pandas/io/parsers/readers.py", line 1880, in _make_engine
    self.handles = get_handle(
                   ^^^^^^^^^^^
  File "/home/ag2427/.conda/envs/snakemake/lib/python3.11/site-packages/pandas/io/common.py", line 873, in get_handle
    handle = open(
             ^^^^^
FileNotFoundError: [Errno 2] No such file or directory: 'sharks/HypSab/20250425_NC_082738.1_het.txt'
RuleException:
CalledProcessError in file /rds/project/rds-p67MZilb2eQ/projects/VGP/heterozygosity/Snakefile, line 487:
Command 'set -euo pipefail;  
        python /rds/project/rds-p67MZilb2eQ/projects/VGP/heterozygosity/20250325_find_het_whole_genome_V3.py sharks/HypSab/Reference_HypSab_Chroms_Lengths.txt sharks HypSab 20250425 32' returned non-zero exit status 1.
[Wed May 21 10:42:09 2025]
Error in rule CALC_HET_WHOLE_GENOME:
    jobid: 0
    input: sharks/HypSab/Reference_HypSab_Chroms_Lengths.txt, sharks/HypSab/20250425_NC_082706.1_het.txt, sharks/HypSab/20250425_NC_082707.1_het.txt, sharks/HypSab/20250425_NC_082708.1_het.txt, sharks/HypSab/20250425_NC_082709.1_het.txt, sharks/HypSab/20250425_NC_082710.1_het.txt, sharks/HypSab/20250425_NC_082711.1_het.txt, sharks/HypSab/20250425_NC_082712.1_het.txt, sharks/HypSab/20250425_NC_082713.1_het.txt, sharks/HypSab/20250425_NC_082714.1_het.txt, sharks/HypSab/20250425_NC_082715.1_het.txt, sharks/HypSab/20250425_NC_082716.1_het.txt, sharks/HypSab/20250425_NC_082717.1_het.txt, sharks/HypSab/20250425_NC_082718.1_het.txt, sharks/HypSab/20250425_NC_082719.1_het.txt, sharks/HypSab/20250425_NC_082720.1_het.txt, sharks/HypSab/20250425_NC_082721.1_het.txt, sharks/HypSab/20250425_NC_082722.1_het.txt, sharks/HypSab/20250425_NC_082723.1_het.txt, sharks/HypSab/20250425_NC_082724.1_het.txt, sharks/HypSab/20250425_NC_082725.1_het.txt, sharks/HypSab/20250425_NC_082726.1_het.txt, sharks/HypSab/20250425_NC_082727.1_het.txt, sharks/HypSab/20250425_NC_082728.1_het.txt, sharks/HypSab/20250425_NC_082729.1_het.txt, sharks/HypSab/20250425_NC_082730.1_het.txt, sharks/HypSab/20250425_NC_082731.1_het.txt, sharks/HypSab/20250425_NC_082732.1_het.txt, sharks/HypSab/20250425_NC_082733.1_het.txt, sharks/HypSab/20250425_NC_082734.1_het.txt, sharks/HypSab/20250425_NC_082735.1_het.txt, sharks/HypSab/20250425_NC_082736.1_het.txt, sharks/HypSab/20250425_NC_082737.1_het.txt
    output: sharks/HypSab/20250425_HypSab_per_chr_mean_heterozygosity.txt, sharks/HypSab/20250425_HypSab_whole_genome_mean_heterozygosity.txt
    shell:
        
        python /rds/project/rds-p67MZilb2eQ/projects/VGP/heterozygosity/20250325_find_het_whole_genome_V3.py sharks/HypSab/Reference_HypSab_Chroms_Lengths.txt sharks HypSab 20250425 32
        
        (one of the commands exited with non-zero exit code; note that snakemake uses bash strict mode!)

Shutting down, this might take some time.
Exiting because a job execution failed. Look above for error message
Storing output in storage.
WorkflowError:
At least one job did not complete successfully.
srun: error: cpu-p-200: task 0: Exited with exit code 1
[Wed May 21 10:42:09 2025]
Error in rule CALC_HET_WHOLE_GENOME:
    jobid: 0
    input: sharks/HypSab/Reference_HypSab_Chroms_Lengths.txt, sharks/HypSab/20250425_NC_082706.1_het.txt, sharks/HypSab/20250425_NC_082707.1_het.txt, sharks/HypSab/20250425_NC_082708.1_het.txt, sharks/HypSab/20250425_NC_082709.1_het.txt, sharks/HypSab/20250425_NC_082710.1_het.txt, sharks/HypSab/20250425_NC_082711.1_het.txt, sharks/HypSab/20250425_NC_082712.1_het.txt, sharks/HypSab/20250425_NC_082713.1_het.txt, sharks/HypSab/20250425_NC_082714.1_het.txt, sharks/HypSab/20250425_NC_082715.1_het.txt, sharks/HypSab/20250425_NC_082716.1_het.txt, sharks/HypSab/20250425_NC_082717.1_het.txt, sharks/HypSab/20250425_NC_082718.1_het.txt, sharks/HypSab/20250425_NC_082719.1_het.txt, sharks/HypSab/20250425_NC_082720.1_het.txt, sharks/HypSab/20250425_NC_082721.1_het.txt, sharks/HypSab/20250425_NC_082722.1_het.txt, sharks/HypSab/20250425_NC_082723.1_het.txt, sharks/HypSab/20250425_NC_082724.1_het.txt, sharks/HypSab/20250425_NC_082725.1_het.txt, sharks/HypSab/20250425_NC_082726.1_het.txt, sharks/HypSab/20250425_NC_082727.1_het.txt, sharks/HypSab/20250425_NC_082728.1_het.txt, sharks/HypSab/20250425_NC_082729.1_het.txt, sharks/HypSab/20250425_NC_082730.1_het.txt, sharks/HypSab/20250425_NC_082731.1_het.txt, sharks/HypSab/20250425_NC_082732.1_het.txt, sharks/HypSab/20250425_NC_082733.1_het.txt, sharks/HypSab/20250425_NC_082734.1_het.txt, sharks/HypSab/20250425_NC_082735.1_het.txt, sharks/HypSab/20250425_NC_082736.1_het.txt, sharks/HypSab/20250425_NC_082737.1_het.txt
    output: sharks/HypSab/20250425_HypSab_per_chr_mean_heterozygosity.txt, sharks/HypSab/20250425_HypSab_whole_genome_mean_heterozygosity.txt
    shell:
        
        python /rds/project/rds-p67MZilb2eQ/projects/VGP/heterozygosity/20250325_find_het_whole_genome_V3.py sharks/HypSab/Reference_HypSab_Chroms_Lengths.txt sharks HypSab 20250425 32
        
        (one of the commands exited with non-zero exit code; note that snakemake uses bash strict mode!)

Shutting down, this might take some time.
Exiting because a job execution failed. Look above for error message
Storing output in storage.
WorkflowError:
At least one job did not complete successfully.
